==9388== Memcheck, a memory error detector
==9388== Copyright (C) 2002-2017, and GNU GPL'd, by Julian Seward et al.
==9388== Using Valgrind-3.13.0 and LibVEX; rerun with -h for copyright info
==9388== Command: ./profiler
==9388== 
TESTING rbset
test_mod OK
test_random OK
all tests are OK

PROFILING rbset
profiling is done
there is a file rbset.data in this folder.
you can analyse data in it using gnuplot
just run gnuplot rbset.plot

TESTING avlset
test_mod OK
test_random OK
all tests are OK

PROFILING avlset
profiling is done
there is a file avlset.data in this folder.
you can analyse data in it using gnuplot
just run gnuplot avlset.plot

==9388== 
==9388== HEAP SUMMARY:
==9388==     in use at exit: 0 bytes in 0 blocks
==9388==   total heap usage: 251,244 allocs, 251,244 frees, 9,253,592 bytes allocated
==9388== 
==9388== All heap blocks were freed -- no leaks are possible
==9388== 
==9388== For counts of detected and suppressed errors, rerun with: -v
==9388== ERROR SUMMARY: 0 errors from 0 contexts (suppressed: 0 from 0)
